[ 2023-02-16 14:51:09,347 ] 21 root - INFO - exporting colleciton to pd
[ 2023-02-16 14:51:09,347 ] 10 root - INFO - reading file from database
[ 2023-02-16 14:51:13,337 ] 12 root - INFO - found comlumns : {df.columns}
[ 2023-02-16 14:51:13,338 ] 14 root - INFO - dropping the column : _id
[ 2023-02-16 14:51:13,541 ] 16 root - INFO - found columns and rows in df :(36188, 171)
[ 2023-02-16 14:51:13,542 ] 25 root - INFO - save the data in feature folder
[ 2023-02-16 14:51:14,091 ] 31 root - INFO - Save data in feature store
[ 2023-02-16 14:51:20,209 ] 17 root - INFO - >>>>>>>>>>>>>>>>>>>>>>>>>>>>>>>>>>>>>>>> Data Validation <<<<<<<<<<<<<<<<<<<<<<<<<<<<<<<<<<<<<<<<
[ 2023-02-16 14:51:20,209 ] 114 root - INFO - Reading base dataframe
[ 2023-02-16 14:51:23,210 ] 117 root - INFO - Replace na value in base df
[ 2023-02-16 14:51:23,210 ] 119 root - INFO - Drop null values colums from base df
[ 2023-02-16 14:51:24,213 ] 43 root - INFO - selecting column name which contains null above to 0.7
[ 2023-02-16 14:51:24,214 ] 45 root - INFO - Columns to drop: ['ab_000', 'bn_000', 'bo_000', 'bp_000', 'bq_000', 'br_000', 'cr_000']
[ 2023-02-16 14:51:24,369 ] 121 root - INFO - Reading train dataframe
[ 2023-02-16 14:51:24,788 ] 123 root - INFO - Reading test dataframe
[ 2023-02-16 14:51:24,894 ] 125 root - INFO - Drop null values colums from train df
[ 2023-02-16 14:51:24,907 ] 43 root - INFO - selecting column name which contains null above to 0.7
[ 2023-02-16 14:51:24,908 ] 45 root - INFO - Columns to drop: ['ab_000', 'bn_000', 'bo_000', 'bp_000', 'bq_000', 'br_000', 'cr_000']
[ 2023-02-16 14:51:24,923 ] 127 root - INFO - Drop null values colums from test df
[ 2023-02-16 14:51:24,927 ] 43 root - INFO - selecting column name which contains null above to 0.7
[ 2023-02-16 14:51:24,928 ] 45 root - INFO - Columns to drop: ['ab_000', 'bn_000', 'bo_000', 'bp_000', 'bq_000', 'br_000', 'cr_000']
[ 2023-02-16 14:51:24,932 ] 130 root - INFO - Is all required columns present in train df
