[ 2023-02-16 15:00:45,181 ] 21 root - INFO - exporting colleciton to pd
[ 2023-02-16 15:00:45,182 ] 10 root - INFO - reading file from database
[ 2023-02-16 15:00:48,669 ] 12 root - INFO - found comlumns : {df.columns}
[ 2023-02-16 15:00:48,669 ] 14 root - INFO - dropping the column : _id
[ 2023-02-16 15:00:48,867 ] 16 root - INFO - found columns and rows in df :(36188, 171)
[ 2023-02-16 15:00:48,867 ] 25 root - INFO - save the data in feature folder
[ 2023-02-16 15:00:49,400 ] 31 root - INFO - Save data in feature store
[ 2023-02-16 15:00:55,226 ] 17 root - INFO - >>>>>>>>>>>>>>>>>>>>>>>>>>>>>>>>>>>>>>>> Data Validation <<<<<<<<<<<<<<<<<<<<<<<<<<<<<<<<<<<<<<<<
[ 2023-02-16 15:00:55,226 ] 114 root - INFO - Reading base dataframe
[ 2023-02-16 15:00:58,152 ] 117 root - INFO - Replace na value in base df
[ 2023-02-16 15:00:58,152 ] 119 root - INFO - Drop null values colums from base df
[ 2023-02-16 15:00:59,125 ] 43 root - INFO - selecting column name which contains null above to 0.7
[ 2023-02-16 15:00:59,126 ] 45 root - INFO - Columns to drop: ['ab_000', 'bn_000', 'bo_000', 'bp_000', 'bq_000', 'br_000', 'cr_000']
[ 2023-02-16 15:00:59,265 ] 121 root - INFO - Reading train dataframe
[ 2023-02-16 15:00:59,701 ] 123 root - INFO - Reading test dataframe
[ 2023-02-16 15:00:59,806 ] 125 root - INFO - Drop null values colums from train df
[ 2023-02-16 15:00:59,819 ] 43 root - INFO - selecting column name which contains null above to 0.7
[ 2023-02-16 15:00:59,819 ] 45 root - INFO - Columns to drop: ['ab_000', 'bn_000', 'bo_000', 'bp_000', 'bq_000', 'br_000', 'cr_000']
[ 2023-02-16 15:00:59,831 ] 127 root - INFO - Drop null values colums from test df
[ 2023-02-16 15:00:59,835 ] 43 root - INFO - selecting column name which contains null above to 0.7
[ 2023-02-16 15:00:59,835 ] 45 root - INFO - Columns to drop: ['ab_000', 'bn_000', 'bo_000', 'bp_000', 'bq_000', 'br_000', 'cr_000']
[ 2023-02-16 15:00:59,839 ] 130 root - INFO - Is all required columns present in train df
