[ 2023-02-16 14:40:05,315 ] 21 root - INFO - exporting colleciton to pd
[ 2023-02-16 14:40:05,315 ] 10 root - INFO - reading file from database
[ 2023-02-16 14:40:08,810 ] 12 root - INFO - found comlumns : {df.columns}
[ 2023-02-16 14:40:08,810 ] 14 root - INFO - dropping the column : _id
[ 2023-02-16 14:40:09,008 ] 16 root - INFO - found columns and rows in df :(36188, 171)
[ 2023-02-16 14:40:09,008 ] 25 root - INFO - save the data in feature folder
[ 2023-02-16 14:40:09,545 ] 31 root - INFO - Save data in feature store
[ 2023-02-16 14:40:15,313 ] 17 root - INFO - >>>>>>>>>>>>>>>>>>>>>>>>>>>>>>>>>>>>>>>> Data Validation <<<<<<<<<<<<<<<<<<<<<<<<<<<<<<<<<<<<<<<<
[ 2023-02-16 14:40:15,314 ] 132 root - INFO - Reading base dataframe
[ 2023-02-16 14:40:18,266 ] 135 root - INFO - Replace na value in base df
[ 2023-02-16 14:40:18,266 ] 137 root - INFO - Drop null values colums from base df
[ 2023-02-16 14:40:19,244 ] 43 root - INFO - selecting column name which contains null above to 0.7
[ 2023-02-16 14:40:19,245 ] 45 root - INFO - Columns to drop: ['ab_000', 'bn_000', 'bo_000', 'bp_000', 'bq_000', 'br_000', 'cr_000']
[ 2023-02-16 14:40:19,431 ] 139 root - INFO - Reading train dataframe
[ 2023-02-16 14:40:19,862 ] 141 root - INFO - Reading test dataframe
[ 2023-02-16 14:40:19,971 ] 143 root - INFO - Drop null values colums from train df
[ 2023-02-16 14:40:19,983 ] 43 root - INFO - selecting column name which contains null above to 0.7
[ 2023-02-16 14:40:19,983 ] 45 root - INFO - Columns to drop: ['ab_000', 'bn_000', 'bo_000', 'bp_000', 'bq_000', 'br_000', 'cr_000']
[ 2023-02-16 14:40:19,994 ] 145 root - INFO - Drop null values colums from test df
[ 2023-02-16 14:40:19,999 ] 43 root - INFO - selecting column name which contains null above to 0.7
[ 2023-02-16 14:40:19,999 ] 45 root - INFO - Columns to drop: ['ab_000', 'bn_000', 'bo_000', 'bp_000', 'bq_000', 'br_000', 'cr_000']
[ 2023-02-16 14:40:20,003 ] 148 root - INFO - Is all required columns present in train df
