[ 2023-02-16 20:04:09,345 ] 21 root - INFO - exporting colleciton to pd
[ 2023-02-16 20:04:09,345 ] 10 root - INFO - reading file from database
[ 2023-02-16 20:04:15,925 ] 12 root - INFO - found comlumns : {df.columns}
[ 2023-02-16 20:04:15,926 ] 14 root - INFO - dropping the column : _id
[ 2023-02-16 20:04:16,183 ] 16 root - INFO - found columns and rows in df :(36188, 171)
[ 2023-02-16 20:04:16,183 ] 25 root - INFO - save the data in feature folder
[ 2023-02-16 20:04:16,785 ] 31 root - INFO - Save data in feature store
[ 2023-02-16 20:04:22,727 ] 17 root - INFO - >>>>>>>>>>>>>>>>>>>>>>>>>>>>>>>>>>>>>>>> Data Validation <<<<<<<<<<<<<<<<<<<<<<<<<<<<<<<<<<<<<<<<
[ 2023-02-16 20:04:22,727 ] 114 root - INFO - Reading base dataframe
[ 2023-02-16 20:04:25,642 ] 117 root - INFO - Replace na value in base df
[ 2023-02-16 20:04:25,642 ] 119 root - INFO - Drop null values colums from base df
[ 2023-02-16 20:04:26,555 ] 43 root - INFO - selecting column name which contains null above to 0.7
[ 2023-02-16 20:04:26,556 ] 45 root - INFO - Columns to drop: ['ab_000', 'bn_000', 'bo_000', 'bp_000', 'bq_000', 'br_000', 'cr_000']
[ 2023-02-16 20:04:26,749 ] 121 root - INFO - Reading train dataframe
[ 2023-02-16 20:04:27,138 ] 123 root - INFO - Reading test dataframe
[ 2023-02-16 20:04:27,238 ] 125 root - INFO - Drop null values colums from train df
[ 2023-02-16 20:04:27,249 ] 43 root - INFO - selecting column name which contains null above to 0.7
[ 2023-02-16 20:04:27,250 ] 45 root - INFO - Columns to drop: ['ab_000', 'bn_000', 'bo_000', 'bp_000', 'bq_000', 'br_000', 'cr_000']
[ 2023-02-16 20:04:27,260 ] 127 root - INFO - Drop null values colums from test df
[ 2023-02-16 20:04:27,264 ] 43 root - INFO - selecting column name which contains null above to 0.7
[ 2023-02-16 20:04:27,265 ] 45 root - INFO - Columns to drop: ['ab_000', 'bn_000', 'bo_000', 'bp_000', 'bq_000', 'br_000', 'cr_000']
[ 2023-02-16 20:04:27,269 ] 130 root - INFO - Is all required columns present in train df
