[ 2023-02-16 14:42:01,446 ] 21 root - INFO - exporting colleciton to pd
[ 2023-02-16 14:42:01,446 ] 10 root - INFO - reading file from database
[ 2023-02-16 14:42:05,097 ] 12 root - INFO - found comlumns : {df.columns}
[ 2023-02-16 14:42:05,098 ] 14 root - INFO - dropping the column : _id
[ 2023-02-16 14:42:05,300 ] 16 root - INFO - found columns and rows in df :(36188, 171)
[ 2023-02-16 14:42:05,300 ] 25 root - INFO - save the data in feature folder
[ 2023-02-16 14:42:05,891 ] 31 root - INFO - Save data in feature store
[ 2023-02-16 14:42:12,203 ] 17 root - INFO - >>>>>>>>>>>>>>>>>>>>>>>>>>>>>>>>>>>>>>>> Data Validation <<<<<<<<<<<<<<<<<<<<<<<<<<<<<<<<<<<<<<<<
[ 2023-02-16 14:42:12,204 ] 135 root - INFO - Reading base dataframe
[ 2023-02-16 14:42:15,271 ] 138 root - INFO - Replace na value in base df
[ 2023-02-16 14:42:15,271 ] 140 root - INFO - Drop null values colums from base df
[ 2023-02-16 14:42:16,281 ] 43 root - INFO - selecting column name which contains null above to 0.7
[ 2023-02-16 14:42:16,281 ] 45 root - INFO - Columns to drop: ['ab_000', 'bn_000', 'bo_000', 'bp_000', 'bq_000', 'br_000', 'cr_000']
[ 2023-02-16 14:42:16,443 ] 142 root - INFO - Reading train dataframe
[ 2023-02-16 14:42:16,865 ] 144 root - INFO - Reading test dataframe
[ 2023-02-16 14:42:16,969 ] 146 root - INFO - Drop null values colums from train df
[ 2023-02-16 14:42:16,980 ] 43 root - INFO - selecting column name which contains null above to 0.7
[ 2023-02-16 14:42:16,981 ] 45 root - INFO - Columns to drop: ['ab_000', 'bn_000', 'bo_000', 'bp_000', 'bq_000', 'br_000', 'cr_000']
[ 2023-02-16 14:42:16,991 ] 148 root - INFO - Drop null values colums from test df
[ 2023-02-16 14:42:16,995 ] 43 root - INFO - selecting column name which contains null above to 0.7
[ 2023-02-16 14:42:16,996 ] 45 root - INFO - Columns to drop: ['ab_000', 'bn_000', 'bo_000', 'bp_000', 'bq_000', 'br_000', 'cr_000']
[ 2023-02-16 14:42:17,000 ] 151 root - INFO - Is all required columns present in train df
