[ 2023-02-16 15:02:26,172 ] 21 root - INFO - exporting colleciton to pd
[ 2023-02-16 15:02:26,172 ] 10 root - INFO - reading file from database
[ 2023-02-16 15:02:29,833 ] 12 root - INFO - found comlumns : {df.columns}
[ 2023-02-16 15:02:29,835 ] 14 root - INFO - dropping the column : _id
[ 2023-02-16 15:02:30,042 ] 16 root - INFO - found columns and rows in df :(36188, 171)
[ 2023-02-16 15:02:30,042 ] 25 root - INFO - save the data in feature folder
[ 2023-02-16 15:02:30,655 ] 31 root - INFO - Save data in feature store
[ 2023-02-16 15:02:36,812 ] 17 root - INFO - >>>>>>>>>>>>>>>>>>>>>>>>>>>>>>>>>>>>>>>> Data Validation <<<<<<<<<<<<<<<<<<<<<<<<<<<<<<<<<<<<<<<<
[ 2023-02-16 15:02:36,812 ] 114 root - INFO - Reading base dataframe
[ 2023-02-16 15:02:39,782 ] 117 root - INFO - Replace na value in base df
[ 2023-02-16 15:02:39,782 ] 119 root - INFO - Drop null values colums from base df
[ 2023-02-16 15:02:40,728 ] 43 root - INFO - selecting column name which contains null above to 0.7
[ 2023-02-16 15:02:40,728 ] 45 root - INFO - Columns to drop: ['ab_000', 'bn_000', 'bo_000', 'bp_000', 'bq_000', 'br_000', 'cr_000']
[ 2023-02-16 15:02:40,897 ] 121 root - INFO - Reading train dataframe
[ 2023-02-16 15:02:41,293 ] 123 root - INFO - Reading test dataframe
[ 2023-02-16 15:02:41,395 ] 125 root - INFO - Drop null values colums from train df
[ 2023-02-16 15:02:41,407 ] 43 root - INFO - selecting column name which contains null above to 0.7
[ 2023-02-16 15:02:41,408 ] 45 root - INFO - Columns to drop: ['ab_000', 'bn_000', 'bo_000', 'bp_000', 'bq_000', 'br_000', 'cr_000']
[ 2023-02-16 15:02:41,418 ] 127 root - INFO - Drop null values colums from test df
[ 2023-02-16 15:02:41,422 ] 43 root - INFO - selecting column name which contains null above to 0.7
[ 2023-02-16 15:02:41,422 ] 45 root - INFO - Columns to drop: ['ab_000', 'bn_000', 'bo_000', 'bp_000', 'bq_000', 'br_000', 'cr_000']
[ 2023-02-16 15:02:41,426 ] 130 root - INFO - Is all required columns present in train df
