[ 2023-02-16 14:44:19,890 ] 21 root - INFO - exporting colleciton to pd
[ 2023-02-16 14:44:19,890 ] 10 root - INFO - reading file from database
[ 2023-02-16 14:44:23,393 ] 12 root - INFO - found comlumns : {df.columns}
[ 2023-02-16 14:44:23,394 ] 14 root - INFO - dropping the column : _id
[ 2023-02-16 14:44:23,607 ] 16 root - INFO - found columns and rows in df :(36188, 171)
[ 2023-02-16 14:44:23,607 ] 25 root - INFO - save the data in feature folder
[ 2023-02-16 14:44:24,156 ] 31 root - INFO - Save data in feature store
[ 2023-02-16 14:44:29,960 ] 17 root - INFO - >>>>>>>>>>>>>>>>>>>>>>>>>>>>>>>>>>>>>>>> Data Validation <<<<<<<<<<<<<<<<<<<<<<<<<<<<<<<<<<<<<<<<
[ 2023-02-16 14:44:29,961 ] 135 root - INFO - Reading base dataframe
[ 2023-02-16 14:44:32,850 ] 138 root - INFO - Replace na value in base df
[ 2023-02-16 14:44:32,850 ] 140 root - INFO - Drop null values colums from base df
[ 2023-02-16 14:44:33,776 ] 43 root - INFO - selecting column name which contains null above to 0.7
[ 2023-02-16 14:44:33,777 ] 45 root - INFO - Columns to drop: ['ab_000', 'bn_000', 'bo_000', 'bp_000', 'bq_000', 'br_000', 'cr_000']
[ 2023-02-16 14:44:33,969 ] 142 root - INFO - Reading train dataframe
[ 2023-02-16 14:44:34,359 ] 144 root - INFO - Reading test dataframe
[ 2023-02-16 14:44:34,469 ] 146 root - INFO - Drop null values colums from train df
[ 2023-02-16 14:44:34,481 ] 43 root - INFO - selecting column name which contains null above to 0.7
[ 2023-02-16 14:44:34,482 ] 45 root - INFO - Columns to drop: ['ab_000', 'bn_000', 'bo_000', 'bp_000', 'bq_000', 'br_000', 'cr_000']
[ 2023-02-16 14:44:34,493 ] 148 root - INFO - Drop null values colums from test df
[ 2023-02-16 14:44:34,498 ] 43 root - INFO - selecting column name which contains null above to 0.7
[ 2023-02-16 14:44:34,498 ] 45 root - INFO - Columns to drop: ['ab_000', 'bn_000', 'bo_000', 'bp_000', 'bq_000', 'br_000', 'cr_000']
[ 2023-02-16 14:44:34,503 ] 151 root - INFO - Is all required columns present in train df
